<?xml version="1.0" encoding="UTF-8"?>
<!-- Generated by org.testng.reporters.JUnitXMLReporter -->
<testsuite ignored="0" hostname="Rakesh" failures="0" tests="5" name="Default test" time="270.001" errors="0" timestamp="2021-08-23T11:28:57 IST">
  <testcase classname="com.thirtybees.testcases.CandlePageTest" name="validatePageTitle" time="0.035"/>
  <testcase classname="com.thirtybees.testcases.CandlePageTest" name="validateDatasheet" time="1.69"/>
  <testcase classname="com.thirtybees.testcases.CandlePageTest" name="validateContinueShopping" time="1.651"/>
  <testcase classname="com.thirtybees.testcases.CandlePageTest" name="validatenavigateToTwitter" time="7.574"/>
  <testcase classname="com.thirtybees.testcases.CandlePageTest" name="validateCheckout" time="4.927"/>
</testsuite> <!-- Default test -->
